# JRE version: Java(TM) SE Runtime Environment (7.0_79-b15) (build 1.7.0_79-b15)
# Java VM: Java HotSpot(TM) 64-Bit Server VM (24.79-b02 mixed mode windows-amd64 compressed oops)
Heap
 PSYoungGen      total 285696K, used 254975K [0x00000000eaa80000, 0x00000000fdf80000, 0x0000000100000000)
  eden space 254976K, 99% used [0x00000000eaa80000,0x00000000fa37fcb0,0x00000000fa380000)
  from space 30720K, 0% used [0x00000000fc180000,0x00000000fc180000,0x00000000fdf80000)
  to   space 30720K, 30% used [0x00000000fa380000,0x00000000facc8fd0,0x00000000fc180000)
 ParOldGen       total 84480K, used 45908K [0x00000000c0000000, 0x00000000c5280000, 0x00000000eaa80000)
  object space 84480K, 54% used [0x00000000c0000000,0x00000000c2cd5238,0x00000000c5280000)
 PSPermGen       total 114176K, used 58232K [0x00000000b0000000, 0x00000000b6f80000, 0x00000000c0000000)
  object space 114176K, 51% used [0x00000000b0000000,0x00000000b38de108,0x00000000b6f80000)
GC Heap History (10 events):
Event: 4826.145 GC heap after
Heap after GC invocations=15 (full 2):
 PSYoungGen      total 284160K, used 0K [0x00000000eaa80000, 0x00000000ffd00000, 0x0000000100000000)
  eden space 279040K, 0% used [0x00000000eaa80000,0x00000000eaa80000,0x00000000fbb00000)
  from space 5120K, 0% used [0x00000000fbb00000,0x00000000fbb00000,0x00000000fc000000)
  to   space 33792K, 0% used [0x00000000fdc00000,0x00000000fdc00000,0x00000000ffd00000)
 ParOldGen       total 84480K, used 41767K [0x00000000c0000000, 0x00000000c5280000, 0x00000000eaa80000)
  object space 84480K, 49% used [0x00000000c0000000,0x00000000c28c9eb0,0x00000000c5280000)
 PSPermGen       total 112128K, used 55013K [0x00000000b0000000, 0x00000000b6d80000, 0x00000000c0000000)
  object space 112128K, 49% used [0x00000000b0000000,0x00000000b35b96b8,0x00000000b6d80000)
}
Event: 4882.603 GC heap before
{Heap before GC invocations=16 (full 2):
 PSYoungGen      total 284160K, used 279028K [0x00000000eaa80000, 0x00000000ffd00000, 0x0000000100000000)
  eden space 279040K, 99% used [0x00000000eaa80000,0x00000000fbafd1f0,0x00000000fbb00000)
  from space 5120K, 0% used [0x00000000fbb00000,0x00000000fbb00000,0x00000000fc000000)
  to   space 33792K, 0% used [0x00000000fdc00000,0x00000000fdc00000,0x00000000ffd00000)
 ParOldGen       total 84480K, used 41767K [0x00000000c0000000, 0x00000000c5280000, 0x00000000eaa80000)
  object space 84480K, 49% used [0x00000000c0000000,0x00000000c28c9eb0,0x00000000c5280000)
 PSPermGen       total 112128K, used 55559K [0x00000000b0000000, 0x00000000b6d80000, 0x00000000c0000000)
  object space 112128K, 49% used [0x00000000b0000000,0x00000000b3641f00,0x00000000b6d80000)
Event: 4882.680 GC heap after
Heap after GC invocations=16 (full 2):
 PSYoungGen      total 285184K, used 12606K [0x00000000eaa80000, 0x00000000fee00000, 0x0000000100000000)
  eden space 266752K, 0% used [0x00000000eaa80000,0x00000000eaa80000,0x00000000faf00000)
  from space 18432K, 68% used [0x00000000fdc00000,0x00000000fe84f858,0x00000000fee00000)
  to   space 32256K, 0% used [0x00000000faf00000,0x00000000faf00000,0x00000000fce80000)
 ParOldGen       total 84480K, used 41767K [0x00000000c0000000, 0x00000000c5280000, 0x00000000eaa80000)
  object space 84480K, 49% used [0x00000000c0000000,0x00000000c28c9eb0,0x00000000c5280000)
 PSPermGen       total 112128K, used 55559K [0x00000000b0000000, 0x00000000b6d80000, 0x00000000c0000000)
  object space 112128K, 49% used [0x00000000b0000000,0x00000000b3641f00,0x00000000b6d80000)
}
Event: 4926.062 GC heap before
{Heap before GC invocations=17 (full 2):
 PSYoungGen      total 285184K, used 279358K [0x00000000eaa80000, 0x00000000fee00000, 0x0000000100000000)
  eden space 266752K, 100% used [0x00000000eaa80000,0x00000000faf00000,0x00000000faf00000)
  from space 18432K, 68% used [0x00000000fdc00000,0x00000000fe84f858,0x00000000fee00000)
  to   space 32256K, 0% used [0x00000000faf00000,0x00000000faf00000,0x00000000fce80000)
 ParOldGen       total 84480K, used 41767K [0x00000000c0000000, 0x00000000c5280000, 0x00000000eaa80000)
  object space 84480K, 49% used [0x00000000c0000000,0x00000000c28c9eb0,0x00000000c5280000)
 PSPermGen       total 112128K, used 56045K [0x00000000b0000000, 0x00000000b6d80000, 0x00000000c0000000)
  object space 112128K, 49% used [0x00000000b0000000,0x00000000b36bb4a0,0x00000000b6d80000)
Event: 4926.154 GC heap after
Heap after GC invocations=17 (full 2):
 PSYoungGen      total 268800K, used 13414K [0x00000000eaa80000, 0x00000000fdf80000, 0x0000000100000000)
  eden space 254976K, 0% used [0x00000000eaa80000,0x00000000eaa80000,0x00000000fa380000)
  from space 13824K, 97% used [0x00000000faf00000,0x00000000fbc19a60,0x00000000fbc80000)
  to   space 30720K, 0% used [0x00000000fc180000,0x00000000fc180000,0x00000000fdf80000)
 ParOldGen       total 84480K, used 46615K [0x00000000c0000000, 0x00000000c5280000, 0x00000000eaa80000)
  object space 84480K, 55% used [0x00000000c0000000,0x00000000c2d85f50,0x00000000c5280000)
 PSPermGen       total 112128K, used 56045K [0x00000000b0000000, 0x00000000b6d80000, 0x00000000c0000000)
  object space 112128K, 49% used [0x00000000b0000000,0x00000000b36bb4a0,0x00000000b6d80000)
}
Event: 5053.030 GC heap before
{Heap before GC invocations=18 (full 2):
 PSYoungGen      total 268800K, used 131167K [0x00000000eaa80000, 0x00000000fdf80000, 0x0000000100000000)
  eden space 254976K, 46% used [0x00000000eaa80000,0x00000000f1d7e208,0x00000000fa380000)
  from space 13824K, 97% used [0x00000000faf00000,0x00000000fbc19a60,0x00000000fbc80000)
  to   space 30720K, 0% used [0x00000000fc180000,0x00000000fc180000,0x00000000fdf80000)
 ParOldGen       total 84480K, used 46615K [0x00000000c0000000, 0x00000000c5280000, 0x00000000eaa80000)
  object space 84480K, 55% used [0x00000000c0000000,0x00000000c2d85f50,0x00000000c5280000)
 PSPermGen       total 112128K, used 57951K [0x00000000b0000000, 0x00000000b6d80000, 0x00000000c0000000)
  object space 112128K, 51% used [0x00000000b0000000,0x00000000b3897c08,0x00000000b6d80000)
Event: 5053.051 GC heap after
Heap after GC invocations=18 (full 2):
 PSYoungGen      total 285696K, used 4190K [0x00000000eaa80000, 0x00000000fdf80000, 0x0000000100000000)
  eden space 254976K, 0% used [0x00000000eaa80000,0x00000000eaa80000,0x00000000fa380000)
  from space 30720K, 13% used [0x00000000fc180000,0x00000000fc5979e8,0x00000000fdf80000)
  to   space 30720K, 0% used [0x00000000fa380000,0x00000000fa380000,0x00000000fc180000)
 ParOldGen       total 84480K, used 47584K [0x00000000c0000000, 0x00000000c5280000, 0x00000000eaa80000)
  object space 84480K, 56% used [0x00000000c0000000,0x00000000c2e781c0,0x00000000c5280000)
 PSPermGen       total 112128K, used 57951K [0x00000000b0000000, 0x00000000b6d80000, 0x00000000c0000000)
  object space 112128K, 51% used [0x00000000b0000000,0x00000000b3897c08,0x00000000b6d80000)
}
Event: 5053.051 GC heap before
{Heap before GC invocations=19 (full 3):
 PSYoungGen      total 285696K, used 4190K [0x00000000eaa80000, 0x00000000fdf80000, 0x0000000100000000)
  eden space 254976K, 0% used [0x00000000eaa80000,0x00000000eaa80000,0x00000000fa380000)
  from space 30720K, 13% used [0x00000000fc180000,0x00000000fc5979e8,0x00000000fdf80000)
  to   space 30720K, 0% used [0x00000000fa380000,0x00000000fa380000,0x00000000fc180000)
 ParOldGen       total 84480K, used 47584K [0x00000000c0000000, 0x00000000c5280000, 0x00000000eaa80000)
  object space 84480K, 56% used [0x00000000c0000000,0x00000000c2e781c0,0x00000000c5280000)
 PSPermGen       total 112128K, used 57951K [0x00000000b0000000, 0x00000000b6d80000, 0x00000000c0000000)
  object space 112128K, 51% used [0x00000000b0000000,0x00000000b3897c08,0x00000000b6d80000)
Event: 5054.153 GC heap after
Heap after GC invocations=19 (full 3):
 PSYoungGen      total 285696K, used 0K [0x00000000eaa80000, 0x00000000fdf80000, 0x0000000100000000)
  eden space 254976K, 0% used [0x00000000eaa80000,0x00000000eaa80000,0x00000000fa380000)
  from space 30720K, 0% used [0x00000000fc180000,0x00000000fc180000,0x00000000fdf80000)
  to   space 30720K, 0% used [0x00000000fa380000,0x00000000fa380000,0x00000000fc180000)
 ParOldGen       total 84480K, used 45908K [0x00000000c0000000, 0x00000000c5280000, 0x00000000eaa80000)
  object space 84480K, 54% used [0x00000000c0000000,0x00000000c2cd5238,0x00000000c5280000)
 PSPermGen       total 114176K, used 57940K [0x00000000b0000000, 0x00000000b6f80000, 0x00000000c0000000)
  object space 114176K, 50% used [0x00000000b0000000,0x00000000b38952a0,0x00000000b6f80000)
}
Event: 14129.371 GC heap before
{Heap before GC invocations=20 (full 3):
 PSYoungGen      total 285696K, used 254975K [0x00000000eaa80000, 0x00000000fdf80000, 0x0000000100000000)
  eden space 254976K, 99% used [0x00000000eaa80000,0x00000000fa37fcb0,0x00000000fa380000)
  from space 30720K, 0% used [0x00000000fc180000,0x00000000fc180000,0x00000000fdf80000)
  to   space 30720K, 0% used [0x00000000fa380000,0x00000000fa380000,0x00000000fc180000)
 ParOldGen       total 84480K, used 45908K [0x00000000c0000000, 0x00000000c5280000, 0x00000000eaa80000)
  object space 84480K, 54% used [0x00000000c0000000,0x00000000c2cd5238,0x00000000c5280000)
 PSPermGen       total 114176K, used 58232K [0x00000000b0000000, 0x00000000b6f80000, 0x00000000c0000000)
  object space 114176K, 51% used [0x00000000b0000000,0x00000000b38de108,0x00000000b6f80000)

